2025-06-30 16:37:43+0800: Running with following config:
allowResignation = true
lagBuffer = 1.0
logAllGTPCommunication = true
logDir = gtp_logs
logSearchInfo = true
logSearchInfoForChosenMove = false
logToStderr = false
maxTimePondering = 60.0
maxVisits = 500
numSearchThreads = 6
ponderingEnabled = false
resignConsecTurns = 3
resignThreshold = -0.90
rules = tromp-taylor
searchFactorAfterOnePass = 0.50
searchFactorAfterTwoPass = 0.25
searchFactorWhenWinning = 0.40
searchFactorWhenWinningThreshold = 0.95

2025-06-30 16:37:43+0800: GTP Engine starting...
2025-06-30 16:37:43+0800: KataGo v1.15.3
2025-06-30 16:37:43+0800: Using TrompTaylor rules initially, unless GTP/GUI overrides this
2025-06-30 16:37:43+0800: Using 6 CPU thread(s) for search
2025-06-30 16:37:43+0800: nnRandSeed0 = 4135093758328405406
2025-06-30 16:37:43+0800: After dedups: nnModelFile0 = /usr/local/Cellar/katago/1.15.3/share/katago/g170-b30c320x2-s4824661760-d1229536699.bin.gz useFP16 auto useNHWC auto
2025-06-30 16:37:43+0800: Initializing neural net buffer to be size 19 * 19 exactly
2025-06-30 16:37:46+0800: Found OpenCL Platform 0: Apple (Apple) (OpenCL 1.2 (Apr 18 2025 21:45:30))
2025-06-30 16:37:46+0800: Found 3 device(s) on platform 0 with type CPU or GPU or Accelerator
2025-06-30 16:37:46+0800: Found OpenCL Device 0: Intel(R) Core(TM) i9-9880H CPU @ 2.30GHz (Intel) (score 102)
2025-06-30 16:37:46+0800: Found OpenCL Device 1: Intel(R) UHD Graphics 630 (Intel Inc.) (score 6000102)
2025-06-30 16:37:46+0800: Found OpenCL Device 2: AMD Radeon Pro 5500M Compute Engine (AMD) (score 11000102)
2025-06-30 16:37:46+0800: Creating context for OpenCL Platform: Apple (Apple) (OpenCL 1.2 (Apr 18 2025 21:45:30))
2025-06-30 16:37:46+0800: Using OpenCL Device 2: AMD Radeon Pro 5500M Compute Engine (AMD) OpenCL 1.2  (Extensions: cl_APPLE_SetMemObjectDestructor cl_APPLE_ContextLoggingFunctions cl_APPLE_clut cl_APPLE_query_kernel_names cl_APPLE_gl_sharing cl_khr_gl_event cl_khr_global_int32_base_atomics cl_khr_global_int32_extended_atomics cl_khr_local_int32_base_atomics cl_khr_local_int32_extended_atomics cl_khr_byte_addressable_store cl_khr_depth_images cl_APPLE_command_queue_priority cl_APPLE_command_queue_select_compute_units cl_khr_fp64)
2025-06-30 16:37:46+0800: Loaded tuning parameters from: /Users/winters/.katago/opencltuning/tune11_gpuAMDRadeonPro5500MComputeEngine_x19_y19_c320_mv8.txt
2025-06-30 16:37:46+0800: OpenCL backend thread 0: Model version 8
2025-06-30 16:37:46+0800: OpenCL backend thread 0: Model name: g170-b30c320x2-s4824661760-d1229536699
2025-06-30 16:37:48+0800: OpenCL backend thread 0: FP16Storage false FP16Compute false FP16TensorCores false FP16TensorCoresFor1x1 false
2025-06-30 16:37:48+0800: Loaded neural net with nnXLen 19 nnYLen 19
2025-06-30 16:37:48+0800: Initializing board with boardXSize 19 boardYSize 19
2025-06-30 16:37:48+0800: Loaded config /usr/local/Cellar/katago/1.15.3/share/katago/configs/gtp_example.cfg
2025-06-30 16:37:48+0800: Loaded model /usr/local/Cellar/katago/1.15.3/share/katago/g170-b30c320x2-s4824661760-d1229536699.bin.gz
2025-06-30 16:37:48+0800: Model name: g170-b30c320x2-s4824661760-d1229536699
2025-06-30 16:37:48+0800: GTP ready, beginning main protocol loop
2025-06-30 16:37:48+0800: Controller: boardsize 19
2025-06-30 16:37:48+0800: = 
2025-06-30 16:37:48+0800: Controller: komi 7.5
2025-06-30 16:37:48+0800: = 
2025-06-30 16:37:48+0800: Controller: clear_board
2025-06-30 16:37:48+0800: = 
2025-06-30 16:37:48+0800: Controller: play B A1
2025-06-30 16:37:48+0800: = 
2025-06-30 16:37:48+0800: Controller: showboard
2025-06-30 16:37:48+0800: = MoveNum: 1 HASH: 0011975F97AC11995C57F6BB8C263009
   A B C D E F G H J K L M N O P Q R S T
19 . . . . . . . . . . . . . . . . . . .
18 . . . . . . . . . . . . . . . . . . .
17 . . . . . . . . . . . . . . . . . . .
16 . . . . . . . . . . . . . . . . . . .
15 . . . . . . . . . . . . . . . . . . .
14 . . . . . . . . . . . . . . . . . . .
13 . . . . . . . . . . . . . . . . . . .
12 . . . . . . . . . . . . . . . . . . .
11 . . . . . . . . . . . . . . . . . . .
10 . . . . . . . . . . . . . . . . . . .
 9 . . . . . . . . . . . . . . . . . . .
 8 . . . . . . . . . . . . . . . . . . .
 7 . . . . . . . . . . . . . . . . . . .
 6 . . . . . . . . . . . . . . . . . . .
 5 . . . . . . . . . . . . . . . . . . .
 4 . . . . . . . . . . . . . . . . . . .
 3 . . . . . . . . . . . . . . . . . . .
 2 . . . . . . . . . . . . . . . . . . .
 1 X1. . . . . . . . . . . . . . . . . .
Next player: White
Rules: {"friendlyPassOk":false,"hasButton":false,"ko":"POSITIONAL","komi":7.5,"scoring":"AREA","suicide":true,"tax":"NONE","whiteHandicapBonus":"0"}
B stones captured: 0
W stones captured: 0
2025-06-30 16:37:48+0800: Controller: genmove W
2025-06-30 16:37:54+0800: MoveNum: 1 HASH: 0011975F97AC11995C57F6BB8C263009
   A B C D E F G H J K L M N O P Q R S T
19 . . . . . . . . . . . . . . . . . . .
18 . . . . . . . . . . . . . . . . . . .
17 . . . . . . . . . . . . . . . . . . .
16 . . . . . . . . . . . . . . . . . . .
15 . . . . . . . . . . . . . . . . . . .
14 . . . . . . . . . . . . . . . . . . .
13 . . . . . . . . . . . . . . . . . . .
12 . . . . . . . . . . . . . . . . . . .
11 . . . . . . . . . . . . . . . . . . .
10 . . . . . . . . . . . . . . . . . . .
 9 . . . . . . . . . . . . . . . . . . .
 8 . . . . . . . . . . . . . . . . . . .
 7 . . . . . . . . . . . . . . . . . . .
 6 . . . . . . . . . . . . . . . . . . .
 5 . . . . . . . . . . . . . . . . . . .
 4 . . . @ . . . . . . . . . . . . . . .
 3 . . . . . . . . . . . . . . . . . . .
 2 . . . . . . . . . . . . . . . . . . .
 1 X1. . . . . . . . . . . . . . . . . .

koPOSITIONALscoreAREAtaxNONEsui1komi7.5
Time taken: 5.71501
Root visits: 505
New playouts: 505
NN rows: 428
NN batches: 144
NN avg batch size: 2.97222
PV: D4 D16 Q16 Q4 R3
Tree:
: T 101.46c W  96.27c S   5.16c (+17.1 L +13.9) N     505  --  D4 D16 Q16 Q4 R3
---White(^)---
D4  : T 101.92c W  96.43c S   5.45c (+17.4 L +14.3) LCB  101.59c P  8.39% WF  84.3 PSV     281 N      84  --  D4 D16 Q16 Q4 R3
C4  : T 101.60c W  96.35c S   5.23c (+17.2 L +14.0) LCB  101.29c P  6.31% WF 103.1 PSV     103 N     103  --  C4 Q16 D16 Q4 F3
D16 : T 101.39c W  96.26c S   5.12c (+17.1 L +13.8) LCB  100.99c P  4.97% WF  67.0 PSV      56 N      67  --  D16 D4 Q4 Q16 R17
Q16 : T 101.24c W  96.19c S   5.11c (+17.1 L +13.8) LCB  100.78c P  5.55% WF  65.9 PSV      51 N      66  --  Q16 D4 C16 Q4 F16
D17 : T 101.40c W  96.25c S   5.12c (+17.1 L +13.9) LCB  101.01c P  4.05% WF  60.0 PSV      46 N      60  --  D17 D4 Q4 Q16 C14
C16 : T 101.32c W  96.20c S   5.01c (+16.9 L +13.8) LCB  100.87c P  4.26% WF  53.9 PSV      43 N      54  --  C16 D4 R4 Q16 F17
Q17 : T 101.19c W  96.13c S   5.02c (+17.0 L +13.8) LCB  100.62c P  4.31% WF  46.9 PSV      37 N      47  --  Q17 D4 Q4 D16 Q15
C3  : T 101.14c W  96.17c S   4.87c (+16.8 L +13.8) LCB   99.68c P  2.28% WF  23.0 PSV      18 N      23  --  C3 Q16 D17 Q4

2025-06-30 16:37:54+0800: = D4
